{"numFailedTestSuites":0,"numFailedTests":0,"numPassedTestSuites":1,"numPassedTests":2,"numPendingTestSuites":0,"numPendingTests":0,"numRuntimeErrorTestSuites":0,"numTodoTests":0,"numTotalTestSuites":1,"numTotalTests":2,"openHandles":[],"snapshot":{"added":0,"didUpdate":false,"failure":false,"filesAdded":0,"filesRemoved":0,"filesRemovedList":[],"filesUnmatched":0,"filesUpdated":0,"matched":0,"total":0,"unchecked":0,"uncheckedKeysByFile":[],"unmatched":0,"updated":0},"startTime":1651172751311,"success":true,"testResults":[{"assertionResults":[{"ancestorTitles":["Render"],"failureMessages":[],"fullName":"Render when there is no items","location":null,"status":"passed","title":"when there is no items"},{"ancestorTitles":["Render"],"failureMessages":[],"fullName":"Render when there are some items","location":null,"status":"passed","title":"when there are some items"}],"endTime":1651172756144,"message":"","name":"/Users/ilaznamenskij/Projects/Private/checklister/src/features/checklists/ui/components/ChecklistsList/ChecklistsList.spec.tsx","startTime":1651172751640,"status":"passed","summary":""}],"wasInterrupted":false,"coverageMap":{"/Users/ilaznamenskij/Projects/Private/checklister/src/features/checklists/ui/components/ChecklistsList/ChecklistsList.tsx":{"path":"/Users/ilaznamenskij/Projects/Private/checklister/src/features/checklists/ui/components/ChecklistsList/ChecklistsList.tsx","statementMap":{"0":{"start":{"line":1,"column":0},"end":{"line":1,"column":46}},"1":{"start":{"line":2,"column":0},"end":{"line":2,"column":58}},"2":{"start":{"line":5,"column":0},"end":{"line":5,"column":30}},"3":{"start":{"line":11,"column":13},"end":{"line":11,"column":71}},"4":{"start":{"line":16,"column":23},"end":{"line":39,"column":1}},"5":{"start":{"line":17,"column":4},"end":{"line":38,"column":6}},"6":{"start":{"line":21,"column":20},"end":{"line":24,"column":null}},"7":{"start":{"line":41,"column":0},"end":{"line":41,"column":30}}},"fnMap":{"0":{"name":"(anonymous_0)","decl":{"start":{"line":16,"column":23},"end":{"line":16,"column":24}},"loc":{"start":{"line":16,"column":63},"end":{"line":39,"column":1}}},"1":{"name":"(anonymous_1)","decl":{"start":{"line":20,"column":31},"end":{"line":20,"column":32}},"loc":{"start":{"line":21,"column":20},"end":{"line":24,"column":null}}}},"branchMap":{"0":{"loc":{"start":{"line":19,"column":13},"end":{"line":35,"column":null}},"type":"cond-expr","locations":[{"start":{"line":20,"column":16},"end":{"line":33,"column":18}},{"start":{"line":35,"column":16},"end":{"line":35,"column":38}}]}},"s":{"0":1,"1":1,"2":1,"3":1,"4":1,"5":2,"6":2,"7":1},"f":{"0":2,"1":2},"b":{"0":[1,1]}},"/Users/ilaznamenskij/Projects/Private/checklister/src/ui/components/PageHeading/PageHeading.tsx":{"path":"/Users/ilaznamenskij/Projects/Private/checklister/src/ui/components/PageHeading/PageHeading.tsx","statementMap":{"0":{"start":{"line":1,"column":0},"end":{"line":1,"column":50}},"1":{"start":{"line":14,"column":20},"end":{"line":23,"column":1}},"2":{"start":{"line":15,"column":4},"end":{"line":22,"column":6}},"3":{"start":{"line":25,"column":0},"end":{"line":25,"column":27}}},"fnMap":{"0":{"name":"(anonymous_0)","decl":{"start":{"line":14,"column":20},"end":{"line":14,"column":21}},"loc":{"start":{"line":14,"column":64},"end":{"line":23,"column":1}}}},"branchMap":{},"s":{"0":0,"1":0,"2":0,"3":0},"f":{"0":0},"b":{}},"/Users/ilaznamenskij/Projects/Private/checklister/src/ui/components/CancelButton/CancelButton.tsx":{"path":"/Users/ilaznamenskij/Projects/Private/checklister/src/ui/components/CancelButton/CancelButton.tsx","statementMap":{"0":{"start":{"line":1,"column":0},"end":{"line":1,"column":42}},"1":{"start":{"line":2,"column":0},"end":{"line":2,"column":43}},"2":{"start":{"line":14,"column":21},"end":{"line":22,"column":1}},"3":{"start":{"line":15,"column":21},"end":{"line":15,"column":34}},"4":{"start":{"line":17,"column":4},"end":{"line":21,"column":6}},"5":{"start":{"line":18,"column":49},"end":{"line":18,"column":66}},"6":{"start":{"line":24,"column":0},"end":{"line":24,"column":28}}},"fnMap":{"0":{"name":"(anonymous_0)","decl":{"start":{"line":14,"column":21},"end":{"line":14,"column":22}},"loc":{"start":{"line":14,"column":62},"end":{"line":22,"column":1}}},"1":{"name":"(anonymous_1)","decl":{"start":{"line":18,"column":43},"end":{"line":18,"column":46}},"loc":{"start":{"line":18,"column":49},"end":{"line":18,"column":66}}}},"branchMap":{"0":{"loc":{"start":{"line":14,"column":24},"end":{"line":14,"column":37}},"type":"default-arg","locations":[{"start":{"line":14,"column":34},"end":{"line":14,"column":37}}]}},"s":{"0":0,"1":0,"2":0,"3":0,"4":0,"5":0,"6":0},"f":{"0":0,"1":0},"b":{"0":[0]}},"/Users/ilaznamenskij/Projects/Private/checklister/src/features/checklists/ui/components/NewChecklistButton/index.ts":{"path":"/Users/ilaznamenskij/Projects/Private/checklister/src/features/checklists/ui/components/NewChecklistButton/index.ts","statementMap":{"0":{"start":{"line":1,"column":0},"end":{"line":1,"column":9}},"1":{"start":{"line":1,"column":9},"end":{"line":1,"column":47}}},"fnMap":{"0":{"name":"(anonymous_0)","decl":{"start":{"line":1,"column":9},"end":{"line":1,"column":16}},"loc":{"start":{"line":1,"column":9},"end":{"line":1,"column":47}}}},"branchMap":{},"s":{"0":0,"1":0},"f":{"0":0},"b":{}},"/Users/ilaznamenskij/Projects/Private/checklister/src/app/partial/AppHeader/index.ts":{"path":"/Users/ilaznamenskij/Projects/Private/checklister/src/app/partial/AppHeader/index.ts","statementMap":{"0":{"start":{"line":1,"column":0},"end":{"line":1,"column":9}},"1":{"start":{"line":1,"column":9},"end":{"line":1,"column":38}}},"fnMap":{"0":{"name":"(anonymous_0)","decl":{"start":{"line":1,"column":9},"end":{"line":1,"column":16}},"loc":{"start":{"line":1,"column":9},"end":{"line":1,"column":38}}}},"branchMap":{},"s":{"0":0,"1":0},"f":{"0":0},"b":{}},"/Users/ilaznamenskij/Projects/Private/checklister/src/features/checklists/ui/components/NewChecklistButton/NewChecklistButton.tsx":{"path":"/Users/ilaznamenskij/Projects/Private/checklister/src/features/checklists/ui/components/NewChecklistButton/NewChecklistButton.tsx","statementMap":{"0":{"start":{"line":1,"column":0},"end":{"line":1,"column":40}},"1":{"start":{"line":2,"column":0},"end":{"line":2,"column":42}},"2":{"start":{"line":3,"column":0},"end":{"line":3,"column":54}},"3":{"start":{"line":5,"column":0},"end":{"line":5,"column":30}},"4":{"start":{"line":10,"column":27},"end":{"line":22,"column":1}},"5":{"start":{"line":11,"column":4},"end":{"line":21,"column":6}},"6":{"start":{"line":24,"column":0},"end":{"line":24,"column":34}}},"fnMap":{"0":{"name":"(anonymous_0)","decl":{"start":{"line":10,"column":27},"end":{"line":10,"column":30}},"loc":{"start":{"line":10,"column":32},"end":{"line":22,"column":1}}}},"branchMap":{},"s":{"0":0,"1":0,"2":0,"3":0,"4":0,"5":0,"6":0},"f":{"0":0},"b":{}},"/Users/ilaznamenskij/Projects/Private/checklister/src/features/checklists/ui/forms/ChecklistCreateForm/ChecklistCreateForm.tsx":{"path":"/Users/ilaznamenskij/Projects/Private/checklister/src/features/checklists/ui/forms/ChecklistCreateForm/ChecklistCreateForm.tsx","statementMap":{"0":{"start":{"line":1,"column":0},"end":{"line":1,"column":83}},"1":{"start":{"line":2,"column":0},"end":{"line":2,"column":74}},"2":{"start":{"line":3,"column":0},"end":{"line":3,"column":74}},"3":{"start":{"line":4,"column":0},"end":{"line":4,"column":50}},"4":{"start":{"line":6,"column":0},"end":{"line":6,"column":47}},"5":{"start":{"line":7,"column":0},"end":{"line":7,"column":56}},"6":{"start":{"line":24,"column":28},"end":{"line":134,"column":1}},"7":{"start":{"line":31,"column":17},"end":{"line":45,"column":6}},"8":{"start":{"line":42,"column":16},"end":{"line":42,"column":85}},"9":{"start":{"line":48,"column":29},"end":{"line":50,"column":5}},"10":{"start":{"line":49,"column":8},"end":{"line":49,"column":35}},"11":{"start":{"line":53,"column":4},"end":{"line":133,"column":6}},"12":{"start":{"line":67,"column":20},"end":{"line":67,"column":null}},"13":{"start":{"line":77,"column":32},"end":{"line":77,"column":93}},"14":{"start":{"line":78,"column":32},"end":{"line":78,"column":68}},"15":{"start":{"line":89,"column":24},"end":{"line":89,"column":43}},"16":{"start":{"line":90,"column":24},"end":{"line":90,"column":82}},"17":{"start":{"line":91,"column":24},"end":{"line":91,"column":85}},"18":{"start":{"line":92,"column":24},"end":{"line":92,"column":58}},"19":{"start":{"line":100,"column":36},"end":{"line":100,"column":75}},"20":{"start":{"line":101,"column":36},"end":{"line":101,"column":78}},"21":{"start":{"line":127,"column":93},"end":{"line":127,"column":105}},"22":{"start":{"line":136,"column":0},"end":{"line":136,"column":35}}},"fnMap":{"0":{"name":"(anonymous_0)","decl":{"start":{"line":24,"column":28},"end":{"line":24,"column":29}},"loc":{"start":{"line":30,"column":31},"end":{"line":134,"column":1}}},"1":{"name":"(anonymous_1)","decl":{"start":{"line":41,"column":24},"end":{"line":41,"column":25}},"loc":{"start":{"line":41,"column":34},"end":{"line":43,"column":13}}},"2":{"name":"(anonymous_2)","decl":{"start":{"line":48,"column":29},"end":{"line":48,"column":30}},"loc":{"start":{"line":48,"column":70},"end":{"line":50,"column":5}}},"3":{"name":"(anonymous_3)","decl":{"start":{"line":66,"column":39},"end":{"line":66,"column":40}},"loc":{"start":{"line":67,"column":20},"end":{"line":67,"column":null}}},"4":{"name":"(anonymous_4)","decl":{"start":{"line":76,"column":37},"end":{"line":76,"column":40}},"loc":{"start":{"line":76,"column":42},"end":{"line":79,"column":29}}},"5":{"name":"(anonymous_5)","decl":{"start":{"line":88,"column":30},"end":{"line":88,"column":31}},"loc":{"start":{"line":88,"column":36},"end":{"line":93,"column":21}}},"6":{"name":"(anonymous_6)","decl":{"start":{"line":99,"column":42},"end":{"line":99,"column":43}},"loc":{"start":{"line":99,"column":48},"end":{"line":102,"column":33}}},"7":{"name":"(anonymous_7)","decl":{"start":{"line":127,"column":87},"end":{"line":127,"column":90}},"loc":{"start":{"line":127,"column":93},"end":{"line":127,"column":105}}}},"branchMap":{"0":{"loc":{"start":{"line":33,"column":19},"end":{"line":33,"column":45}},"type":"binary-expr","locations":[{"start":{"line":33,"column":19},"end":{"line":33,"column":39}},{"start":{"line":33,"column":43},"end":{"line":33,"column":45}}]},"1":{"loc":{"start":{"line":35,"column":24},"end":{"line":35,"column":57}},"type":"binary-expr","locations":[{"start":{"line":35,"column":24},"end":{"line":35,"column":52}},{"start":{"line":35,"column":56},"end":{"line":35,"column":57}}]},"2":{"loc":{"start":{"line":36,"column":39},"end":{"line":36,"column":65}},"type":"binary-expr","locations":[{"start":{"line":36,"column":39},"end":{"line":36,"column":59}},{"start":{"line":36,"column":63},"end":{"line":36,"column":65}}]},"3":{"loc":{"start":{"line":42,"column":23},"end":{"line":42,"column":84}},"type":"cond-expr","locations":[{"start":{"line":42,"column":35},"end":{"line":42,"column":39}},{"start":{"line":42,"column":42},"end":{"line":42,"column":84}}]},"4":{"loc":{"start":{"line":126,"column":17},"end":{"line":129,"column":null}},"type":"binary-expr","locations":[{"start":{"line":126,"column":17},"end":{"line":126,"column":30}},{"start":{"line":127,"column":20},"end":{"line":127,"column":null}}]}},"s":{"0":0,"1":0,"2":0,"3":0,"4":0,"5":0,"6":0,"7":0,"8":0,"9":0,"10":0,"11":0,"12":0,"13":0,"14":0,"15":0,"16":0,"17":0,"18":0,"19":0,"20":0,"21":0,"22":0},"f":{"0":0,"1":0,"2":0,"3":0,"4":0,"5":0,"6":0,"7":0},"b":{"0":[0,0],"1":[0,0],"2":[0,0],"3":[0,0],"4":[0,0]}},"/Users/ilaznamenskij/Projects/Private/checklister/src/features/checklists/ui/components/ChecklistNotFound/ChecklistNotFound.tsx":{"path":"/Users/ilaznamenskij/Projects/Private/checklister/src/features/checklists/ui/components/ChecklistNotFound/ChecklistNotFound.tsx","statementMap":{"0":{"start":{"line":1,"column":0},"end":{"line":1,"column":70}},"1":{"start":{"line":3,"column":26},"end":{"line":10,"column":1}},"2":{"start":{"line":4,"column":4},"end":{"line":9,"column":6}},"3":{"start":{"line":12,"column":0},"end":{"line":12,"column":33}}},"fnMap":{"0":{"name":"(anonymous_0)","decl":{"start":{"line":3,"column":26},"end":{"line":3,"column":29}},"loc":{"start":{"line":3,"column":31},"end":{"line":10,"column":1}}}},"branchMap":{},"s":{"0":0,"1":0,"2":0,"3":0},"f":{"0":0},"b":{}},"/Users/ilaznamenskij/Projects/Private/checklister/src/features/checklists/ui/forms/ChecklistCreateForm/index.ts":{"path":"/Users/ilaznamenskij/Projects/Private/checklister/src/features/checklists/ui/forms/ChecklistCreateForm/index.ts","statementMap":{"0":{"start":{"line":1,"column":0},"end":{"line":1,"column":9}},"1":{"start":{"line":1,"column":9},"end":{"line":1,"column":48}},"2":{"start":{"line":2,"column":0},"end":{"line":2,"column":38}}},"fnMap":{"0":{"name":"(anonymous_4)","decl":{"start":{"line":1,"column":9},"end":{"line":1,"column":16}},"loc":{"start":{"line":1,"column":9},"end":{"line":1,"column":48}}}},"branchMap":{},"s":{"0":0,"1":0,"2":0},"f":{"0":0},"b":{}},"/Users/ilaznamenskij/Projects/Private/checklister/src/ui/components/CancelButton/index.ts":{"path":"/Users/ilaznamenskij/Projects/Private/checklister/src/ui/components/CancelButton/index.ts","statementMap":{"0":{"start":{"line":1,"column":0},"end":{"line":1,"column":9}},"1":{"start":{"line":1,"column":9},"end":{"line":1,"column":41}}},"fnMap":{"0":{"name":"(anonymous_0)","decl":{"start":{"line":1,"column":9},"end":{"line":1,"column":16}},"loc":{"start":{"line":1,"column":9},"end":{"line":1,"column":41}}}},"branchMap":{},"s":{"0":0,"1":0},"f":{"0":0},"b":{}},"/Users/ilaznamenskij/Projects/Private/checklister/src/app/index.ts":{"path":"/Users/ilaznamenskij/Projects/Private/checklister/src/app/index.ts","statementMap":{"0":{"start":{"line":1,"column":0},"end":{"line":1,"column":9}},"1":{"start":{"line":1,"column":9},"end":{"line":1,"column":32}}},"fnMap":{"0":{"name":"(anonymous_0)","decl":{"start":{"line":1,"column":9},"end":{"line":1,"column":16}},"loc":{"start":{"line":1,"column":9},"end":{"line":1,"column":32}}}},"branchMap":{},"s":{"0":0,"1":0},"f":{"0":0},"b":{}},"/Users/ilaznamenskij/Projects/Private/checklister/src/features/checklists/ui/components/ChecklistsList/index.ts":{"path":"/Users/ilaznamenskij/Projects/Private/checklister/src/features/checklists/ui/components/ChecklistsList/index.ts","statementMap":{"0":{"start":{"line":1,"column":0},"end":{"line":1,"column":9}},"1":{"start":{"line":1,"column":9},"end":{"line":1,"column":43}}},"fnMap":{"0":{"name":"(anonymous_0)","decl":{"start":{"line":1,"column":9},"end":{"line":1,"column":16}},"loc":{"start":{"line":1,"column":9},"end":{"line":1,"column":43}}}},"branchMap":{},"s":{"0":0,"1":0},"f":{"0":0},"b":{}},"/Users/ilaznamenskij/Projects/Private/checklister/src/features/checklists/ui/modules/ChecklistEdit/index.ts":{"path":"/Users/ilaznamenskij/Projects/Private/checklister/src/features/checklists/ui/modules/ChecklistEdit/index.ts","statementMap":{"0":{"start":{"line":1,"column":0},"end":{"line":1,"column":9}},"1":{"start":{"line":1,"column":9},"end":{"line":1,"column":42}}},"fnMap":{"0":{"name":"(anonymous_0)","decl":{"start":{"line":1,"column":9},"end":{"line":1,"column":16}},"loc":{"start":{"line":1,"column":9},"end":{"line":1,"column":42}}}},"branchMap":{},"s":{"0":0,"1":0},"f":{"0":0},"b":{}},"/Users/ilaznamenskij/Projects/Private/checklister/src/ui/components/PageHeading/index.ts":{"path":"/Users/ilaznamenskij/Projects/Private/checklister/src/ui/components/PageHeading/index.ts","statementMap":{"0":{"start":{"line":1,"column":0},"end":{"line":1,"column":9}},"1":{"start":{"line":1,"column":9},"end":{"line":1,"column":40}}},"fnMap":{"0":{"name":"(anonymous_0)","decl":{"start":{"line":1,"column":9},"end":{"line":1,"column":16}},"loc":{"start":{"line":1,"column":9},"end":{"line":1,"column":40}}}},"branchMap":{},"s":{"0":0,"1":0},"f":{"0":0},"b":{}},"/Users/ilaznamenskij/Projects/Private/checklister/src/features/checklists/ui/modules/ChecklistDetails/index.ts":{"path":"/Users/ilaznamenskij/Projects/Private/checklister/src/features/checklists/ui/modules/ChecklistDetails/index.ts","statementMap":{"0":{"start":{"line":1,"column":0},"end":{"line":1,"column":9}},"1":{"start":{"line":1,"column":9},"end":{"line":1,"column":45}}},"fnMap":{"0":{"name":"(anonymous_0)","decl":{"start":{"line":1,"column":9},"end":{"line":1,"column":16}},"loc":{"start":{"line":1,"column":9},"end":{"line":1,"column":45}}}},"branchMap":{},"s":{"0":0,"1":0},"f":{"0":0},"b":{}},"/Users/ilaznamenskij/Projects/Private/checklister/src/features/checklists/ui/modules/ChecklistsList/index.ts":{"path":"/Users/ilaznamenskij/Projects/Private/checklister/src/features/checklists/ui/modules/ChecklistsList/index.ts","statementMap":{"0":{"start":{"line":1,"column":0},"end":{"line":1,"column":9}},"1":{"start":{"line":1,"column":9},"end":{"line":1,"column":43}}},"fnMap":{"0":{"name":"(anonymous_0)","decl":{"start":{"line":1,"column":9},"end":{"line":1,"column":16}},"loc":{"start":{"line":1,"column":9},"end":{"line":1,"column":43}}}},"branchMap":{},"s":{"0":0,"1":0},"f":{"0":0},"b":{}},"/Users/ilaznamenskij/Projects/Private/checklister/src/features/checklists/ui/modules/ChecklistsList/ChecklistsList.tsx":{"path":"/Users/ilaznamenskij/Projects/Private/checklister/src/features/checklists/ui/modules/ChecklistsList/ChecklistsList.tsx","statementMap":{"0":{"start":{"line":1,"column":0},"end":{"line":1,"column":73}},"1":{"start":{"line":2,"column":0},"end":{"line":2,"column":61}},"2":{"start":{"line":7,"column":29},"end":{"line":16,"column":1}},"3":{"start":{"line":8,"column":30},"end":{"line":8,"column":55}},"4":{"start":{"line":9,"column":42},"end":{"line":9,"column":57}},"5":{"start":{"line":11,"column":4},"end":{"line":13,"column":null}},"6":{"start":{"line":12,"column":8},"end":{"line":12,"column":53}},"7":{"start":{"line":15,"column":4},"end":{"line":15,"column":54}},"8":{"start":{"line":18,"column":0},"end":{"line":18,"column":36}}},"fnMap":{"0":{"name":"(anonymous_0)","decl":{"start":{"line":7,"column":29},"end":{"line":7,"column":32}},"loc":{"start":{"line":7,"column":34},"end":{"line":16,"column":1}}}},"branchMap":{"0":{"loc":{"start":{"line":11,"column":4},"end":{"line":13,"column":null}},"type":"if","locations":[{"start":{"line":11,"column":4},"end":{"line":13,"column":null}}]}},"s":{"0":0,"1":0,"2":0,"3":0,"4":0,"5":0,"6":0,"7":0,"8":0},"f":{"0":0},"b":{"0":[0]}},"/Users/ilaznamenskij/Projects/Private/checklister/src/features/checklists/recoil/atoms/checkedItems.ts":{"path":"/Users/ilaznamenskij/Projects/Private/checklister/src/features/checklists/recoil/atoms/checkedItems.ts","statementMap":{"0":{"start":{"line":1,"column":0},"end":{"line":1,"column":30}},"1":{"start":{"line":3,"column":25},"end":{"line":6,"column":2}},"2":{"start":{"line":8,"column":0},"end":{"line":8,"column":32}}},"fnMap":{},"branchMap":{},"s":{"0":0,"1":0,"2":0},"f":{},"b":{}},"/Users/ilaznamenskij/Projects/Private/checklister/src/features/checklists/ui/modules/ChecklistEdit/ChecklistEdit.tsx":{"path":"/Users/ilaznamenskij/Projects/Private/checklister/src/features/checklists/ui/modules/ChecklistEdit/ChecklistEdit.tsx","statementMap":{"0":{"start":{"line":1,"column":0},"end":{"line":1,"column":32}},"1":{"start":{"line":2,"column":0},"end":{"line":2,"column":43}},"2":{"start":{"line":3,"column":0},"end":{"line":3,"column":34}},"3":{"start":{"line":5,"column":0},"end":{"line":5,"column":30}},"4":{"start":{"line":8,"column":0},"end":{"line":8,"column":73}},"5":{"start":{"line":9,"column":0},"end":{"line":9,"column":67}},"6":{"start":{"line":10,"column":0},"end":{"line":10,"column":78}},"7":{"start":{"line":19,"column":28},"end":{"line":67,"column":1}},"8":{"start":{"line":20,"column":63},"end":{"line":20,"column":88}},"9":{"start":{"line":21,"column":40},"end":{"line":21,"column":65}},"10":{"start":{"line":22,"column":21},"end":{"line":22,"column":34}},"11":{"start":{"line":23,"column":26},"end":{"line":31,"column":null}},"12":{"start":{"line":25,"column":12},"end":{"line":30,"column":20}},"13":{"start":{"line":28,"column":60},"end":{"line":28,"column":81}},"14":{"start":{"line":35,"column":29},"end":{"line":43,"column":5}},"15":{"start":{"line":36,"column":27},"end":{"line":36,"column":52}},"16":{"start":{"line":38,"column":35},"end":{"line":38,"column":82}},"17":{"start":{"line":40,"column":8},"end":{"line":40,"column":35}},"18":{"start":{"line":40,"column":28},"end":{"line":40,"column":35}},"19":{"start":{"line":42,"column":8},"end":{"line":42,"column":70}},"20":{"start":{"line":45,"column":25},"end":{"line":51,"column":5}},"21":{"start":{"line":46,"column":35},"end":{"line":46,"column":63}},"22":{"start":{"line":48,"column":8},"end":{"line":48,"column":35}},"23":{"start":{"line":48,"column":28},"end":{"line":48,"column":35}},"24":{"start":{"line":50,"column":8},"end":{"line":50,"column":22}},"25":{"start":{"line":54,"column":4},"end":{"line":56,"column":null}},"26":{"start":{"line":55,"column":8},"end":{"line":55,"column":37}},"27":{"start":{"line":58,"column":4},"end":{"line":66,"column":6}},"28":{"start":{"line":69,"column":0},"end":{"line":69,"column":35}}},"fnMap":{"0":{"name":"(anonymous_0)","decl":{"start":{"line":19,"column":28},"end":{"line":19,"column":29}},"loc":{"start":{"line":19,"column":74},"end":{"line":67,"column":1}}},"1":{"name":"(anonymous_1)","decl":{"start":{"line":24,"column":8},"end":{"line":24,"column":11}},"loc":{"start":{"line":25,"column":12},"end":{"line":30,"column":20}}},"2":{"name":"(anonymous_2)","decl":{"start":{"line":28,"column":49},"end":{"line":28,"column":50}},"loc":{"start":{"line":28,"column":60},"end":{"line":28,"column":81}}},"3":{"name":"(anonymous_3)","decl":{"start":{"line":35,"column":29},"end":{"line":35,"column":30}},"loc":{"start":{"line":35,"column":58},"end":{"line":43,"column":5}}},"4":{"name":"(anonymous_4)","decl":{"start":{"line":45,"column":25},"end":{"line":45,"column":28}},"loc":{"start":{"line":45,"column":30},"end":{"line":51,"column":5}}}},"branchMap":{"0":{"loc":{"start":{"line":25,"column":12},"end":{"line":30,"column":20}},"type":"cond-expr","locations":[{"start":{"line":26,"column":18},"end":{"line":29,"column":null}},{"start":{"line":30,"column":18},"end":{"line":30,"column":20}}]},"1":{"loc":{"start":{"line":40,"column":8},"end":{"line":40,"column":35}},"type":"if","locations":[{"start":{"line":40,"column":8},"end":{"line":40,"column":35}}]},"2":{"loc":{"start":{"line":48,"column":8},"end":{"line":48,"column":35}},"type":"if","locations":[{"start":{"line":48,"column":8},"end":{"line":48,"column":35}}]},"3":{"loc":{"start":{"line":54,"column":4},"end":{"line":56,"column":null}},"type":"if","locations":[{"start":{"line":54,"column":4},"end":{"line":56,"column":null}}]}},"s":{"0":0,"1":0,"2":0,"3":0,"4":0,"5":0,"6":0,"7":0,"8":0,"9":0,"10":0,"11":0,"12":0,"13":0,"14":0,"15":0,"16":0,"17":0,"18":0,"19":0,"20":0,"21":0,"22":0,"23":0,"24":0,"25":0,"26":0,"27":0,"28":0},"f":{"0":0,"1":0,"2":0,"3":0,"4":0},"b":{"0":[0,0],"1":[0],"2":[0],"3":[0]}},"/Users/ilaznamenskij/Projects/Private/checklister/src/app/partial/AppHeader/AppHeader.tsx":{"path":"/Users/ilaznamenskij/Projects/Private/checklister/src/app/partial/AppHeader/AppHeader.tsx","statementMap":{"0":{"start":{"line":1,"column":0},"end":{"line":1,"column":53}},"1":{"start":{"line":2,"column":0},"end":{"line":2,"column":39}},"2":{"start":{"line":3,"column":0},"end":{"line":3,"column":66}},"3":{"start":{"line":5,"column":0},"end":{"line":5,"column":30}},"4":{"start":{"line":7,"column":24},"end":{"line":17,"column":1}},"5":{"start":{"line":8,"column":4},"end":{"line":16,"column":6}},"6":{"start":{"line":19,"column":0},"end":{"line":19,"column":31}}},"fnMap":{"0":{"name":"(anonymous_0)","decl":{"start":{"line":7,"column":24},"end":{"line":7,"column":27}},"loc":{"start":{"line":7,"column":29},"end":{"line":17,"column":1}}}},"branchMap":{},"s":{"0":0,"1":0,"2":0,"3":0,"4":0,"5":0,"6":0},"f":{"0":0},"b":{}},"/Users/ilaznamenskij/Projects/Private/checklister/src/features/checklists/recoil/atoms/activeChecklisId.ts":{"path":"/Users/ilaznamenskij/Projects/Private/checklister/src/features/checklists/recoil/atoms/activeChecklisId.ts","statementMap":{"0":{"start":{"line":1,"column":0},"end":{"line":1,"column":30}},"1":{"start":{"line":5,"column":29},"end":{"line":8,"column":2}},"2":{"start":{"line":10,"column":0},"end":{"line":10,"column":36}}},"fnMap":{},"branchMap":{},"s":{"0":0,"1":0,"2":0},"f":{},"b":{}},"/Users/ilaznamenskij/Projects/Private/checklister/src/features/checklists/ui/modules/ChecklistCreate/index.ts":{"path":"/Users/ilaznamenskij/Projects/Private/checklister/src/features/checklists/ui/modules/ChecklistCreate/index.ts","statementMap":{"0":{"start":{"line":1,"column":0},"end":{"line":1,"column":9}},"1":{"start":{"line":1,"column":9},"end":{"line":1,"column":44}}},"fnMap":{"0":{"name":"(anonymous_0)","decl":{"start":{"line":1,"column":9},"end":{"line":1,"column":16}},"loc":{"start":{"line":1,"column":9},"end":{"line":1,"column":44}}}},"branchMap":{},"s":{"0":0,"1":0},"f":{"0":0},"b":{}},"/Users/ilaznamenskij/Projects/Private/checklister/src/features/checklists/ui/components/ChecklistNotFound/index.ts":{"path":"/Users/ilaznamenskij/Projects/Private/checklister/src/features/checklists/ui/components/ChecklistNotFound/index.ts","statementMap":{"0":{"start":{"line":1,"column":0},"end":{"line":1,"column":9}},"1":{"start":{"line":1,"column":9},"end":{"line":1,"column":46}}},"fnMap":{"0":{"name":"(anonymous_0)","decl":{"start":{"line":1,"column":9},"end":{"line":1,"column":16}},"loc":{"start":{"line":1,"column":9},"end":{"line":1,"column":46}}}},"branchMap":{},"s":{"0":0,"1":0},"f":{"0":0},"b":{}},"/Users/ilaznamenskij/Projects/Private/checklister/src/features/checklists/recoil/selectors.ts":{"path":"/Users/ilaznamenskij/Projects/Private/checklister/src/features/checklists/recoil/selectors.ts","statementMap":{"0":{"start":{"line":1,"column":0},"end":{"line":1,"column":34}},"1":{"start":{"line":3,"column":0},"end":{"line":3,"column":49}},"2":{"start":{"line":8,"column":0},"end":{"line":8,"column":36}},"3":{"start":{"line":10,"column":0},"end":{"line":10,"column":54}},"4":{"start":{"line":11,"column":0},"end":{"line":11,"column":60}},"5":{"start":{"line":12,"column":0},"end":{"line":12,"column":52}},"6":{"start":{"line":14,"column":13},"end":{"line":42,"column":3}},"7":{"start":{"line":17,"column":34},"end":{"line":17,"column":59}},"8":{"start":{"line":18,"column":30},"end":{"line":18,"column":52}},"9":{"start":{"line":19,"column":29},"end":{"line":19,"column":50}},"10":{"start":{"line":21,"column":8},"end":{"line":21,"column":52}},"11":{"start":{"line":21,"column":32},"end":{"line":21,"column":52}},"12":{"start":{"line":23,"column":32},"end":{"line":23,"column":74}},"13":{"start":{"line":25,"column":8},"end":{"line":25,"column":50}},"14":{"start":{"line":25,"column":30},"end":{"line":25,"column":50}},"15":{"start":{"line":27,"column":25},"end":{"line":27,"column":90}},"16":{"start":{"line":29,"column":49},"end":{"line":38,"column":10}},"17":{"start":{"line":34,"column":63},"end":{"line":37,"column":14}},"18":{"start":{"line":40,"column":8},"end":{"line":40,"column":40}}},"fnMap":{"0":{"name":"(anonymous_0)","decl":{"start":{"line":16,"column":9},"end":{"line":16,"column":10}},"loc":{"start":{"line":16,"column":21},"end":{"line":41,"column":5}}},"1":{"name":"(anonymous_1)","decl":{"start":{"line":34,"column":45},"end":{"line":34,"column":46}},"loc":{"start":{"line":34,"column":63},"end":{"line":37,"column":14}}}},"branchMap":{"0":{"loc":{"start":{"line":21,"column":8},"end":{"line":21,"column":52}},"type":"if","locations":[{"start":{"line":21,"column":8},"end":{"line":21,"column":52}}]},"1":{"loc":{"start":{"line":25,"column":8},"end":{"line":25,"column":50}},"type":"if","locations":[{"start":{"line":25,"column":8},"end":{"line":25,"column":50}}]}},"s":{"0":0,"1":0,"2":0,"3":0,"4":0,"5":0,"6":0,"7":0,"8":0,"9":0,"10":0,"11":0,"12":0,"13":0,"14":0,"15":0,"16":0,"17":0,"18":0},"f":{"0":0,"1":0},"b":{"0":[0],"1":[0]}},"/Users/ilaznamenskij/Projects/Private/checklister/src/features/checklists/ui/modules/ChecklistCreate/ChecklistCreate.tsx":{"path":"/Users/ilaznamenskij/Projects/Private/checklister/src/features/checklists/ui/modules/ChecklistCreate/ChecklistCreate.tsx","statementMap":{"0":{"start":{"line":1,"column":0},"end":{"line":1,"column":43}},"1":{"start":{"line":2,"column":0},"end":{"line":2,"column":34}},"2":{"start":{"line":4,"column":0},"end":{"line":4,"column":73}},"3":{"start":{"line":5,"column":0},"end":{"line":5,"column":78}},"4":{"start":{"line":10,"column":24},"end":{"line":27,"column":1}},"5":{"start":{"line":11,"column":21},"end":{"line":11,"column":34}},"6":{"start":{"line":12,"column":29},"end":{"line":12,"column":54}},"7":{"start":{"line":15,"column":29},"end":{"line":23,"column":5}},"8":{"start":{"line":16,"column":27},"end":{"line":16,"column":52}},"9":{"start":{"line":18,"column":35},"end":{"line":18,"column":66}},"10":{"start":{"line":20,"column":8},"end":{"line":20,"column":35}},"11":{"start":{"line":20,"column":28},"end":{"line":20,"column":35}},"12":{"start":{"line":22,"column":8},"end":{"line":22,"column":22}},"13":{"start":{"line":26,"column":4},"end":{"line":26,"column":89}},"14":{"start":{"line":29,"column":0},"end":{"line":29,"column":31}}},"fnMap":{"0":{"name":"(anonymous_0)","decl":{"start":{"line":10,"column":24},"end":{"line":10,"column":27}},"loc":{"start":{"line":10,"column":29},"end":{"line":27,"column":1}}},"1":{"name":"(anonymous_1)","decl":{"start":{"line":15,"column":29},"end":{"line":15,"column":30}},"loc":{"start":{"line":15,"column":58},"end":{"line":23,"column":5}}}},"branchMap":{"0":{"loc":{"start":{"line":20,"column":8},"end":{"line":20,"column":35}},"type":"if","locations":[{"start":{"line":20,"column":8},"end":{"line":20,"column":35}}]}},"s":{"0":0,"1":0,"2":0,"3":0,"4":0,"5":0,"6":0,"7":0,"8":0,"9":0,"10":0,"11":0,"12":0,"13":0,"14":0},"f":{"0":0,"1":0},"b":{"0":[0]}},"/Users/ilaznamenskij/Projects/Private/checklister/src/features/checklists/utils.ts":{"path":"/Users/ilaznamenskij/Projects/Private/checklister/src/features/checklists/utils.ts","statementMap":{"0":{"start":{"line":1,"column":0},"end":{"line":1,"column":44}},"1":{"start":{"line":5,"column":13},"end":{"line":7,"column":2}},"2":{"start":{"line":6,"column":4},"end":{"line":6,"column":58}}},"fnMap":{"0":{"name":"(anonymous_0)","decl":{"start":{"line":5,"column":30},"end":{"line":5,"column":31}},"loc":{"start":{"line":6,"column":4},"end":{"line":6,"column":58}}}},"branchMap":{},"s":{"0":0,"1":0,"2":0},"f":{"0":0},"b":{}},"/Users/ilaznamenskij/Projects/Private/checklister/src/features/devTools/ui/DebugObserver/DebugObserver.tsx":{"path":"/Users/ilaznamenskij/Projects/Private/checklister/src/features/devTools/ui/DebugObserver/DebugObserver.tsx","statementMap":{"0":{"start":{"line":1,"column":0},"end":{"line":1,"column":34}},"1":{"start":{"line":2,"column":0},"end":{"line":2,"column":43}},"2":{"start":{"line":4,"column":22},"end":{"line":16,"column":1}},"3":{"start":{"line":5,"column":21},"end":{"line":5,"column":40}},"4":{"start":{"line":7,"column":4},"end":{"line":13,"column":19}},"5":{"start":{"line":8,"column":8},"end":{"line":8,"column":60}},"6":{"start":{"line":10,"column":8},"end":{"line":12,"column":null}},"7":{"start":{"line":11,"column":12},"end":{"line":11,"column":64}},"8":{"start":{"line":15,"column":4},"end":{"line":15,"column":16}},"9":{"start":{"line":18,"column":0},"end":{"line":18,"column":29}}},"fnMap":{"0":{"name":"(anonymous_0)","decl":{"start":{"line":4,"column":22},"end":{"line":4,"column":25}},"loc":{"start":{"line":4,"column":27},"end":{"line":16,"column":1}}},"1":{"name":"(anonymous_1)","decl":{"start":{"line":7,"column":14},"end":{"line":7,"column":17}},"loc":{"start":{"line":7,"column":19},"end":{"line":13,"column":5}}}},"branchMap":{},"s":{"0":0,"1":0,"2":0,"3":0,"4":0,"5":0,"6":0,"7":0,"8":0,"9":0},"f":{"0":0,"1":0},"b":{}},"/Users/ilaznamenskij/Projects/Private/checklister/src/features/checklists/recoil/atoms/allChecklists.ts":{"path":"/Users/ilaznamenskij/Projects/Private/checklister/src/features/checklists/recoil/atoms/allChecklists.ts","statementMap":{"0":{"start":{"line":1,"column":0},"end":{"line":1,"column":51}},"1":{"start":{"line":2,"column":0},"end":{"line":2,"column":30}},"2":{"start":{"line":6,"column":26},"end":{"line":6,"column":38}},"3":{"start":{"line":7,"column":16},"end":{"line":7,"column":64}},"4":{"start":{"line":9,"column":26},"end":{"line":48,"column":2}},"5":{"start":{"line":33,"column":12},"end":{"line":41,"column":null}},"6":{"start":{"line":34,"column":58},"end":{"line":34,"column":72}},"7":{"start":{"line":36,"column":16},"end":{"line":40,"column":null}},"8":{"start":{"line":37,"column":20},"end":{"line":37,"column":32}},"9":{"start":{"line":39,"column":20},"end":{"line":39,"column":46}},"10":{"start":{"line":43,"column":12},"end":{"line":45,"column":15}},"11":{"start":{"line":44,"column":16},"end":{"line":44,"column":40}},"12":{"start":{"line":50,"column":0},"end":{"line":50,"column":33}}},"fnMap":{"0":{"name":"(anonymous_0)","decl":{"start":{"line":32,"column":8},"end":{"line":32,"column":9}},"loc":{"start":{"line":32,"column":40},"end":{"line":46,"column":9}}},"1":{"name":"(anonymous_1)","decl":{"start":{"line":43,"column":18},"end":{"line":43,"column":19}},"loc":{"start":{"line":43,"column":31},"end":{"line":45,"column":13}}}},"branchMap":{"0":{"loc":{"start":{"line":33,"column":12},"end":{"line":41,"column":null}},"type":"if","locations":[{"start":{"line":33,"column":12},"end":{"line":41,"column":null}}]},"1":{"loc":{"start":{"line":36,"column":16},"end":{"line":40,"column":null}},"type":"if","locations":[{"start":{"line":36,"column":16},"end":{"line":40,"column":null}},{"start":{"line":38,"column":23},"end":{"line":40,"column":null}}]},"2":{"loc":{"start":{"line":39,"column":28},"end":{"line":39,"column":44}},"type":"binary-expr","locations":[{"start":{"line":39,"column":28},"end":{"line":39,"column":38}},{"start":{"line":39,"column":42},"end":{"line":39,"column":44}}]}},"s":{"0":0,"1":0,"2":0,"3":0,"4":0,"5":0,"6":0,"7":0,"8":0,"9":0,"10":0,"11":0,"12":0},"f":{"0":0,"1":0},"b":{"0":[0],"1":[0,0],"2":[0,0]}},"/Users/ilaznamenskij/Projects/Private/checklister/src/features/devTools/index.ts":{"path":"/Users/ilaznamenskij/Projects/Private/checklister/src/features/devTools/index.ts","statementMap":{"0":{"start":{"line":1,"column":0},"end":{"line":1,"column":9}},"1":{"start":{"line":1,"column":9},"end":{"line":1,"column":39}}},"fnMap":{"0":{"name":"(anonymous_0)","decl":{"start":{"line":1,"column":9},"end":{"line":1,"column":16}},"loc":{"start":{"line":1,"column":9},"end":{"line":1,"column":39}}}},"branchMap":{},"s":{"0":0,"1":0},"f":{"0":0},"b":{}},"/Users/ilaznamenskij/Projects/Private/checklister/src/features/checklists/ui/modules/ChecklistDetails/ChecklistDetails.tsx":{"path":"/Users/ilaznamenskij/Projects/Private/checklister/src/features/checklists/ui/modules/ChecklistDetails/ChecklistDetails.tsx","statementMap":{"0":{"start":{"line":1,"column":0},"end":{"line":1,"column":34}},"1":{"start":{"line":2,"column":0},"end":{"line":2,"column":84}},"2":{"start":{"line":3,"column":0},"end":{"line":3,"column":42}},"3":{"start":{"line":4,"column":0},"end":{"line":4,"column":62}},"4":{"start":{"line":5,"column":0},"end":{"line":5,"column":40}},"5":{"start":{"line":7,"column":0},"end":{"line":7,"column":30}},"6":{"start":{"line":8,"column":0},"end":{"line":8,"column":54}},"7":{"start":{"line":9,"column":0},"end":{"line":9,"column":56}},"8":{"start":{"line":12,"column":0},"end":{"line":12,"column":73}},"9":{"start":{"line":13,"column":0},"end":{"line":13,"column":67}},"10":{"start":{"line":22,"column":31},"end":{"line":82,"column":1}},"11":{"start":{"line":23,"column":73},"end":{"line":23,"column":98}},"12":{"start":{"line":24,"column":50},"end":{"line":24,"column":70}},"13":{"start":{"line":26,"column":4},"end":{"line":32,"column":49}},"14":{"start":{"line":27,"column":8},"end":{"line":27,"column":40}},"15":{"start":{"line":29,"column":8},"end":{"line":31,"column":10}},"16":{"start":{"line":30,"column":12},"end":{"line":30,"column":20}},"17":{"start":{"line":34,"column":4},"end":{"line":36,"column":null}},"18":{"start":{"line":35,"column":8},"end":{"line":35,"column":37}},"19":{"start":{"line":38,"column":4},"end":{"line":81,"column":6}},"20":{"start":{"line":58,"column":20},"end":{"line":63,"column":null}},"21":{"start":{"line":62,"column":45},"end":{"line":62,"column":90}},"22":{"start":{"line":84,"column":0},"end":{"line":84,"column":38}}},"fnMap":{"0":{"name":"(anonymous_0)","decl":{"start":{"line":22,"column":31},"end":{"line":22,"column":32}},"loc":{"start":{"line":22,"column":80},"end":{"line":82,"column":1}}},"1":{"name":"(anonymous_1)","decl":{"start":{"line":26,"column":14},"end":{"line":26,"column":17}},"loc":{"start":{"line":26,"column":19},"end":{"line":32,"column":5}}},"2":{"name":"(anonymous_2)","decl":{"start":{"line":29,"column":15},"end":{"line":29,"column":18}},"loc":{"start":{"line":29,"column":20},"end":{"line":31,"column":9}}},"3":{"name":"(anonymous_3)","decl":{"start":{"line":57,"column":43},"end":{"line":57,"column":44}},"loc":{"start":{"line":58,"column":20},"end":{"line":63,"column":null}}},"4":{"name":"(anonymous_4)","decl":{"start":{"line":62,"column":34},"end":{"line":62,"column":35}},"loc":{"start":{"line":62,"column":45},"end":{"line":62,"column":90}}}},"branchMap":{"0":{"loc":{"start":{"line":34,"column":4},"end":{"line":36,"column":null}},"type":"if","locations":[{"start":{"line":34,"column":4},"end":{"line":36,"column":null}}]},"1":{"loc":{"start":{"line":71,"column":17},"end":{"line":76,"column":null}},"type":"cond-expr","locations":[{"start":{"line":72,"column":20},"end":{"line":72,"column":null}},{"start":{"line":76,"column":20},"end":{"line":76,"column":54}}]}},"s":{"0":0,"1":0,"2":0,"3":0,"4":0,"5":0,"6":0,"7":0,"8":0,"9":0,"10":0,"11":0,"12":0,"13":0,"14":0,"15":0,"16":0,"17":0,"18":0,"19":0,"20":0,"21":0,"22":0},"f":{"0":0,"1":0,"2":0,"3":0,"4":0},"b":{"0":[0],"1":[0,0]}},"/Users/ilaznamenskij/Projects/Private/checklister/src/features/devTools/ui/DebugObserver/index.ts":{"path":"/Users/ilaznamenskij/Projects/Private/checklister/src/features/devTools/ui/DebugObserver/index.ts","statementMap":{"0":{"start":{"line":1,"column":0},"end":{"line":1,"column":9}},"1":{"start":{"line":1,"column":9},"end":{"line":1,"column":42}}},"fnMap":{"0":{"name":"(anonymous_0)","decl":{"start":{"line":1,"column":9},"end":{"line":1,"column":16}},"loc":{"start":{"line":1,"column":9},"end":{"line":1,"column":42}}}},"branchMap":{},"s":{"0":0,"1":0},"f":{"0":0},"b":{}},"/Users/ilaznamenskij/Projects/Private/checklister/src/utils/validators.ts":{"path":"/Users/ilaznamenskij/Projects/Private/checklister/src/utils/validators.ts","statementMap":{"0":{"start":{"line":1,"column":25},"end":{"line":13,"column":1}},"1":{"start":{"line":1,"column":67},"end":{"line":13,"column":1}},"2":{"start":{"line":4,"column":4},"end":{"line":10,"column":null}},"3":{"start":{"line":5,"column":8},"end":{"line":5,"column":35}},"4":{"start":{"line":6,"column":11},"end":{"line":10,"column":null}},"5":{"start":{"line":7,"column":8},"end":{"line":7,"column":28}},"6":{"start":{"line":9,"column":8},"end":{"line":9,"column":80}},"7":{"start":{"line":12,"column":4},"end":{"line":12,"column":55}},"8":{"start":{"line":1,"column":13},"end":{"line":1,"column":25}}},"fnMap":{"0":{"name":"(anonymous_0)","decl":{"start":{"line":1,"column":25},"end":{"line":1,"column":26}},"loc":{"start":{"line":1,"column":67},"end":{"line":13,"column":1}}},"1":{"name":"(anonymous_1)","decl":{"start":{"line":1,"column":67},"end":{"line":1,"column":68}},"loc":{"start":{"line":1,"column":85},"end":{"line":13,"column":1}}}},"branchMap":{"0":{"loc":{"start":{"line":4,"column":4},"end":{"line":10,"column":null}},"type":"if","locations":[{"start":{"line":4,"column":4},"end":{"line":10,"column":null}},{"start":{"line":6,"column":11},"end":{"line":10,"column":null}}]},"1":{"loc":{"start":{"line":6,"column":11},"end":{"line":10,"column":null}},"type":"if","locations":[{"start":{"line":6,"column":11},"end":{"line":10,"column":null}},{"start":{"line":8,"column":11},"end":{"line":10,"column":null}}]},"2":{"loc":{"start":{"line":12,"column":11},"end":{"line":12,"column":54}},"type":"cond-expr","locations":[{"start":{"line":12,"column":35},"end":{"line":12,"column":39}},{"start":{"line":12,"column":42},"end":{"line":12,"column":54}}]}},"s":{"0":0,"1":0,"2":0,"3":0,"4":0,"5":0,"6":0,"7":0,"8":0},"f":{"0":0,"1":0},"b":{"0":[0,0],"1":[0,0],"2":[0,0]}},"/Users/ilaznamenskij/Projects/Private/checklister/src/utils/percent.ts":{"path":"/Users/ilaznamenskij/Projects/Private/checklister/src/utils/percent.ts","statementMap":{"0":{"start":{"line":1,"column":30},"end":{"line":3,"column":1}},"1":{"start":{"line":2,"column":4},"end":{"line":2,"column":45}},"2":{"start":{"line":1,"column":13},"end":{"line":1,"column":30}}},"fnMap":{"0":{"name":"(anonymous_0)","decl":{"start":{"line":1,"column":30},"end":{"line":1,"column":31}},"loc":{"start":{"line":1,"column":71},"end":{"line":3,"column":1}}}},"branchMap":{},"s":{"0":0,"1":0,"2":0},"f":{"0":0},"b":{}},"/Users/ilaznamenskij/Projects/Private/checklister/src/features/checklists/controllers/useChecklists.ts":{"path":"/Users/ilaznamenskij/Projects/Private/checklister/src/features/checklists/controllers/useChecklists.ts","statementMap":{"0":{"start":{"line":1,"column":0},"end":{"line":1,"column":36}},"1":{"start":{"line":2,"column":0},"end":{"line":2,"column":96}},"2":{"start":{"line":3,"column":0},"end":{"line":3,"column":36}},"3":{"start":{"line":8,"column":0},"end":{"line":8,"column":68}},"4":{"start":{"line":9,"column":0},"end":{"line":9,"column":60}},"5":{"start":{"line":10,"column":0},"end":{"line":10,"column":65}},"6":{"start":{"line":11,"column":0},"end":{"line":11,"column":62}},"7":{"start":{"line":25,"column":32},"end":{"line":153,"column":1}},"8":{"start":{"line":26,"column":40},"end":{"line":26,"column":73}},"9":{"start":{"line":27,"column":32},"end":{"line":27,"column":71}},"10":{"start":{"line":28,"column":33},"end":{"line":28,"column":74}},"11":{"start":{"line":29,"column":28},"end":{"line":29,"column":63}},"12":{"start":{"line":30,"column":30},"end":{"line":30,"column":67}},"13":{"start":{"line":31,"column":28},"end":{"line":31,"column":70}},"14":{"start":{"line":33,"column":26},"end":{"line":35,"column":20}},"15":{"start":{"line":34,"column":8},"end":{"line":34,"column":35}},"16":{"start":{"line":37,"column":25},"end":{"line":43,"column":null}},"17":{"start":{"line":39,"column":30},"end":{"line":39,"column":90}},"18":{"start":{"line":39,"column":61},"end":{"line":39,"column":89}},"19":{"start":{"line":41,"column":12},"end":{"line":41,"column":65}},"20":{"start":{"line":46,"column":25},"end":{"line":61,"column":null}},"21":{"start":{"line":48,"column":33},"end":{"line":55,"column":14}},"22":{"start":{"line":51,"column":44},"end":{"line":54,"column":18}},"23":{"start":{"line":57,"column":12},"end":{"line":57,"column":79}},"24":{"start":{"line":57,"column":45},"end":{"line":57,"column":77}},"25":{"start":{"line":59,"column":12},"end":{"line":59,"column":41}},"26":{"start":{"line":64,"column":28},"end":{"line":91,"column":null}},"27":{"start":{"line":66,"column":35},"end":{"line":66,"column":100}},"28":{"start":{"line":66,"column":71},"end":{"line":66,"column":99}},"29":{"start":{"line":68,"column":12},"end":{"line":70,"column":null}},"30":{"start":{"line":69,"column":16},"end":{"line":69,"column":36}},"31":{"start":{"line":72,"column":30},"end":{"line":72,"column":56}},"32":{"start":{"line":74,"column":33},"end":{"line":81,"column":14}},"33":{"start":{"line":77,"column":44},"end":{"line":80,"column":18}},"34":{"start":{"line":83,"column":12},"end":{"line":87,"column":15}},"35":{"start":{"line":83,"column":45},"end":{"line":87,"column":14}},"36":{"start":{"line":89,"column":12},"end":{"line":89,"column":41}},"37":{"start":{"line":94,"column":28},"end":{"line":111,"column":null}},"38":{"start":{"line":96,"column":35},"end":{"line":96,"column":100}},"39":{"start":{"line":96,"column":71},"end":{"line":96,"column":99}},"40":{"start":{"line":98,"column":12},"end":{"line":100,"column":null}},"41":{"start":{"line":99,"column":16},"end":{"line":99,"column":36}},"42":{"start":{"line":102,"column":30},"end":{"line":102,"column":56}},"43":{"start":{"line":104,"column":12},"end":{"line":107,"column":15}},"44":{"start":{"line":104,"column":45},"end":{"line":107,"column":14}},"45":{"start":{"line":109,"column":12},"end":{"line":109,"column":38}},"46":{"start":{"line":114,"column":31},"end":{"line":116,"column":null}},"47":{"start":{"line":115,"column":14},"end":{"line":115,"column":29}},"48":{"start":{"line":119,"column":31},"end":{"line":123,"column":null}},"49":{"start":{"line":121,"column":12},"end":{"line":121,"column":51}},"50":{"start":{"line":121,"column":38},"end":{"line":121,"column":49}},"51":{"start":{"line":126,"column":22},"end":{"line":134,"column":null}},"52":{"start":{"line":128,"column":12},"end":{"line":132,"column":null}},"53":{"start":{"line":129,"column":16},"end":{"line":129,"column":86}},"54":{"start":{"line":129,"column":53},"end":{"line":129,"column":84}},"55":{"start":{"line":131,"column":16},"end":{"line":131,"column":107}},"56":{"start":{"line":131,"column":53},"end":{"line":131,"column":105}},"57":{"start":{"line":131,"column":86},"end":{"line":131,"column":104}},"58":{"start":{"line":137,"column":18},"end":{"line":140,"column":49}},"59":{"start":{"line":138,"column":8},"end":{"line":138,"column":31}},"60":{"start":{"line":139,"column":8},"end":{"line":139,"column":28}},"61":{"start":{"line":142,"column":4},"end":{"line":152,"column":6}},"62":{"start":{"line":155,"column":0},"end":{"line":155,"column":39}}},"fnMap":{"0":{"name":"(anonymous_0)","decl":{"start":{"line":25,"column":32},"end":{"line":25,"column":57}},"loc":{"start":{"line":25,"column":59},"end":{"line":153,"column":1}}},"1":{"name":"(anonymous_1)","decl":{"start":{"line":33,"column":77},"end":{"line":33,"column":80}},"loc":{"start":{"line":33,"column":82},"end":{"line":35,"column":5}}},"2":{"name":"(anonymous_2)","decl":{"start":{"line":38,"column":8},"end":{"line":38,"column":9}},"loc":{"start":{"line":38,"column":24},"end":{"line":42,"column":9}}},"3":{"name":"(anonymous_3)","decl":{"start":{"line":39,"column":46},"end":{"line":39,"column":47}},"loc":{"start":{"line":39,"column":61},"end":{"line":39,"column":89}}},"4":{"name":"(anonymous_4)","decl":{"start":{"line":47,"column":8},"end":{"line":47,"column":9}},"loc":{"start":{"line":47,"column":25},"end":{"line":60,"column":9}}},"5":{"name":"(anonymous_5)","decl":{"start":{"line":51,"column":33},"end":{"line":51,"column":34}},"loc":{"start":{"line":51,"column":44},"end":{"line":54,"column":18}}},"6":{"name":"(anonymous_6)","decl":{"start":{"line":57,"column":26},"end":{"line":57,"column":27}},"loc":{"start":{"line":57,"column":45},"end":{"line":57,"column":77}}},"7":{"name":"(anonymous_7)","decl":{"start":{"line":65,"column":8},"end":{"line":65,"column":9}},"loc":{"start":{"line":65,"column":38},"end":{"line":90,"column":9}}},"8":{"name":"(anonymous_8)","decl":{"start":{"line":66,"column":56},"end":{"line":66,"column":57}},"loc":{"start":{"line":66,"column":71},"end":{"line":66,"column":99}}},"9":{"name":"(anonymous_9)","decl":{"start":{"line":77,"column":33},"end":{"line":77,"column":34}},"loc":{"start":{"line":77,"column":44},"end":{"line":80,"column":18}}},"10":{"name":"(anonymous_10)","decl":{"start":{"line":83,"column":26},"end":{"line":83,"column":27}},"loc":{"start":{"line":83,"column":45},"end":{"line":87,"column":14}}},"11":{"name":"(anonymous_11)","decl":{"start":{"line":95,"column":8},"end":{"line":95,"column":9}},"loc":{"start":{"line":95,"column":24},"end":{"line":110,"column":9}}},"12":{"name":"(anonymous_12)","decl":{"start":{"line":96,"column":56},"end":{"line":96,"column":57}},"loc":{"start":{"line":96,"column":71},"end":{"line":96,"column":99}}},"13":{"name":"(anonymous_13)","decl":{"start":{"line":104,"column":26},"end":{"line":104,"column":27}},"loc":{"start":{"line":104,"column":45},"end":{"line":107,"column":14}}},"14":{"name":"(anonymous_14)","decl":{"start":{"line":115,"column":8},"end":{"line":115,"column":11}},"loc":{"start":{"line":115,"column":14},"end":{"line":115,"column":29}}},"15":{"name":"(anonymous_15)","decl":{"start":{"line":120,"column":8},"end":{"line":120,"column":9}},"loc":{"start":{"line":120,"column":24},"end":{"line":122,"column":9}}},"16":{"name":"(anonymous_16)","decl":{"start":{"line":121,"column":32},"end":{"line":121,"column":35}},"loc":{"start":{"line":121,"column":38},"end":{"line":121,"column":49}}},"17":{"name":"(anonymous_17)","decl":{"start":{"line":127,"column":8},"end":{"line":127,"column":9}},"loc":{"start":{"line":127,"column":31},"end":{"line":133,"column":9}}},"18":{"name":"(anonymous_18)","decl":{"start":{"line":129,"column":32},"end":{"line":129,"column":33}},"loc":{"start":{"line":129,"column":53},"end":{"line":129,"column":84}}},"19":{"name":"(anonymous_19)","decl":{"start":{"line":131,"column":32},"end":{"line":131,"column":33}},"loc":{"start":{"line":131,"column":53},"end":{"line":131,"column":105}}},"20":{"name":"(anonymous_20)","decl":{"start":{"line":131,"column":76},"end":{"line":131,"column":77}},"loc":{"start":{"line":131,"column":86},"end":{"line":131,"column":104}}},"21":{"name":"(anonymous_21)","decl":{"start":{"line":137,"column":61},"end":{"line":137,"column":64}},"loc":{"start":{"line":137,"column":66},"end":{"line":140,"column":5}}}},"branchMap":{"0":{"loc":{"start":{"line":41,"column":19},"end":{"line":41,"column":64}},"type":"cond-expr","locations":[{"start":{"line":41,"column":31},"end":{"line":41,"column":49}},{"start":{"line":41,"column":52},"end":{"line":41,"column":64}}]},"1":{"loc":{"start":{"line":68,"column":12},"end":{"line":70,"column":null}},"type":"if","locations":[{"start":{"line":68,"column":12},"end":{"line":70,"column":null}}]},"2":{"loc":{"start":{"line":98,"column":12},"end":{"line":100,"column":null}},"type":"if","locations":[{"start":{"line":98,"column":12},"end":{"line":100,"column":null}}]},"3":{"loc":{"start":{"line":128,"column":12},"end":{"line":132,"column":null}},"type":"if","locations":[{"start":{"line":128,"column":12},"end":{"line":132,"column":null}},{"start":{"line":130,"column":19},"end":{"line":132,"column":null}}]}},"s":{"0":0,"1":0,"2":0,"3":0,"4":0,"5":0,"6":0,"7":0,"8":0,"9":0,"10":0,"11":0,"12":0,"13":0,"14":0,"15":0,"16":0,"17":0,"18":0,"19":0,"20":0,"21":0,"22":0,"23":0,"24":0,"25":0,"26":0,"27":0,"28":0,"29":0,"30":0,"31":0,"32":0,"33":0,"34":0,"35":0,"36":0,"37":0,"38":0,"39":0,"40":0,"41":0,"42":0,"43":0,"44":0,"45":0,"46":0,"47":0,"48":0,"49":0,"50":0,"51":0,"52":0,"53":0,"54":0,"55":0,"56":0,"57":0,"58":0,"59":0,"60":0,"61":0,"62":0},"f":{"0":0,"1":0,"2":0,"3":0,"4":0,"5":0,"6":0,"7":0,"8":0,"9":0,"10":0,"11":0,"12":0,"13":0,"14":0,"15":0,"16":0,"17":0,"18":0,"19":0,"20":0,"21":0},"b":{"0":[0,0],"1":[0],"2":[0],"3":[0,0]}},"/Users/ilaznamenskij/Projects/Private/checklister/src/features/checklists/index.ts":{"path":"/Users/ilaznamenskij/Projects/Private/checklister/src/features/checklists/index.ts","statementMap":{"0":{"start":{"line":1,"column":0},"end":{"line":1,"column":24}},"1":{"start":{"line":2,"column":0},"end":{"line":2,"column":24}},"2":{"start":{"line":4,"column":0},"end":{"line":4,"column":9}},"3":{"start":{"line":4,"column":9},"end":{"line":4,"column":43}},"4":{"start":{"line":5,"column":0},"end":{"line":5,"column":9}},"5":{"start":{"line":5,"column":9},"end":{"line":5,"column":38}},"6":{"start":{"line":6,"column":0},"end":{"line":6,"column":9}},"7":{"start":{"line":6,"column":9},"end":{"line":6,"column":41}},"8":{"start":{"line":7,"column":0},"end":{"line":7,"column":9}},"9":{"start":{"line":7,"column":9},"end":{"line":7,"column":42}},"10":{"start":{"line":8,"column":0},"end":{"line":8,"column":9}},"11":{"start":{"line":8,"column":9},"end":{"line":8,"column":39}},"12":{"start":{"line":9,"column":0},"end":{"line":9,"column":9}},"13":{"start":{"line":9,"column":9},"end":{"line":9,"column":40}}},"fnMap":{"0":{"name":"(anonymous_4)","decl":{"start":{"line":4,"column":9},"end":{"line":4,"column":16}},"loc":{"start":{"line":4,"column":9},"end":{"line":4,"column":43}}},"1":{"name":"(anonymous_5)","decl":{"start":{"line":5,"column":9},"end":{"line":5,"column":16}},"loc":{"start":{"line":5,"column":9},"end":{"line":5,"column":38}}},"2":{"name":"(anonymous_6)","decl":{"start":{"line":6,"column":9},"end":{"line":6,"column":16}},"loc":{"start":{"line":6,"column":9},"end":{"line":6,"column":41}}},"3":{"name":"(anonymous_7)","decl":{"start":{"line":7,"column":9},"end":{"line":7,"column":16}},"loc":{"start":{"line":7,"column":9},"end":{"line":7,"column":42}}},"4":{"name":"(anonymous_8)","decl":{"start":{"line":8,"column":9},"end":{"line":8,"column":16}},"loc":{"start":{"line":8,"column":9},"end":{"line":8,"column":39}}},"5":{"name":"(anonymous_9)","decl":{"start":{"line":9,"column":9},"end":{"line":9,"column":16}},"loc":{"start":{"line":9,"column":9},"end":{"line":9,"column":40}}}},"branchMap":{},"s":{"0":0,"1":0,"2":0,"3":0,"4":0,"5":0,"6":0,"7":0,"8":0,"9":0,"10":0,"11":0,"12":0,"13":0},"f":{"0":0,"1":0,"2":0,"3":0,"4":0,"5":0},"b":{}},"/Users/ilaznamenskij/Projects/Private/checklister/src/app/App.tsx":{"path":"/Users/ilaznamenskij/Projects/Private/checklister/src/app/App.tsx","statementMap":{"0":{"start":{"line":1,"column":0},"end":{"line":1,"column":64}},"1":{"start":{"line":2,"column":0},"end":{"line":2,"column":61}},"2":{"start":{"line":4,"column":0},"end":{"line":4,"column":30}},"3":{"start":{"line":5,"column":0},"end":{"line":5,"column":65}},"4":{"start":{"line":6,"column":0},"end":{"line":6,"column":52}},"5":{"start":{"line":7,"column":0},"end":{"line":7,"column":60}},"6":{"start":{"line":8,"column":0},"end":{"line":8,"column":54}},"7":{"start":{"line":9,"column":0},"end":{"line":9,"column":36}},"8":{"start":{"line":10,"column":0},"end":{"line":10,"column":44}},"9":{"start":{"line":11,"column":0},"end":{"line":11,"column":41}},"10":{"start":{"line":13,"column":0},"end":{"line":13,"column":50}},"11":{"start":{"line":16,"column":4},"end":{"line":37,"column":6}},"12":{"start":{"line":40,"column":0},"end":{"line":40,"column":19}}},"fnMap":{"0":{"name":"App","decl":{"start":{"line":15,"column":9},"end":{"line":15,"column":12}},"loc":{"start":{"line":15,"column":12},"end":{"line":38,"column":1}}}},"branchMap":{},"s":{"0":0,"1":0,"2":0,"3":0,"4":0,"5":0,"6":0,"7":0,"8":0,"9":0,"10":0,"11":0,"12":0},"f":{"0":0},"b":{}},"/Users/ilaznamenskij/Projects/Private/checklister/src/features/checklists/controllers/index.ts":{"path":"/Users/ilaznamenskij/Projects/Private/checklister/src/features/checklists/controllers/index.ts","statementMap":{"0":{"start":{"line":1,"column":0},"end":{"line":1,"column":9}},"1":{"start":{"line":1,"column":9},"end":{"line":1,"column":42}}},"fnMap":{"0":{"name":"(anonymous_0)","decl":{"start":{"line":1,"column":9},"end":{"line":1,"column":16}},"loc":{"start":{"line":1,"column":9},"end":{"line":1,"column":42}}}},"branchMap":{},"s":{"0":0,"1":0},"f":{"0":0},"b":{}},"/Users/ilaznamenskij/Projects/Private/checklister/src/libs/localStorage.ts":{"path":"/Users/ilaznamenskij/Projects/Private/checklister/src/libs/localStorage.ts","statementMap":{"0":{"start":{"line":3,"column":22},"end":{"line":3,"column":36}},"1":{"start":{"line":5,"column":25},"end":{"line":21,"column":2}},"2":{"start":{"line":5,"column":49},"end":{"line":21,"column":2}},"3":{"start":{"line":7,"column":8},"end":{"line":13,"column":null}},"4":{"start":{"line":8,"column":27},"end":{"line":8,"column":105}},"5":{"start":{"line":10,"column":12},"end":{"line":10,"column":35}},"6":{"start":{"line":12,"column":12},"end":{"line":12,"column":32}},"7":{"start":{"line":16,"column":8},"end":{"line":16,"column":88}},"8":{"start":{"line":19,"column":8},"end":{"line":19,"column":68}},"9":{"start":{"line":23,"column":0},"end":{"line":23,"column":32}}},"fnMap":{"0":{"name":"(anonymous_0)","decl":{"start":{"line":5,"column":25},"end":{"line":5,"column":29}},"loc":{"start":{"line":5,"column":49},"end":{"line":21,"column":2}}},"1":{"name":"(anonymous_1)","decl":{"start":{"line":6,"column":10},"end":{"line":6,"column":31}},"loc":{"start":{"line":6,"column":33},"end":{"line":14,"column":5}}},"2":{"name":"(anonymous_2)","decl":{"start":{"line":15,"column":11},"end":{"line":15,"column":12}},"loc":{"start":{"line":15,"column":24},"end":{"line":17,"column":5}}},"3":{"name":"(anonymous_3)","decl":{"start":{"line":18,"column":11},"end":{"line":18,"column":14}},"loc":{"start":{"line":18,"column":16},"end":{"line":20,"column":5}}}},"branchMap":{},"s":{"0":0,"1":0,"2":0,"3":0,"4":0,"5":0,"6":0,"7":0,"8":0,"9":0},"f":{"0":0,"1":0,"2":0,"3":0},"b":{}}}}